{"/Users/macbookpro/WebstormProjects/WH_6/src/findTitle.js": {"path":"/Users/macbookpro/WebstormProjects/WH_6/src/findTitle.js","statementMap":{"0":{"start":{"line":2,"column":4},"end":{"line":3,"column":21}},"1":{"start":{"line":3,"column":8},"end":{"line":3,"column":21}},"2":{"start":{"line":4,"column":17},"end":{"line":4,"column":19}},"3":{"start":{"line":5,"column":4},"end":{"line":17,"column":5}},"4":{"start":{"line":5,"column":16},"end":{"line":5,"column":17}},"5":{"start":{"line":6,"column":8},"end":{"line":15,"column":9}},"6":{"start":{"line":7,"column":12},"end":{"line":14,"column":13}},"7":{"start":{"line":8,"column":16},"end":{"line":12,"column":17}},"8":{"start":{"line":9,"column":20},"end":{"line":9,"column":40}},"9":{"start":{"line":11,"column":20},"end":{"line":11,"column":26}},"10":{"start":{"line":17,"column":7},"end":{"line":19,"column":5}},"11":{"start":{"line":18,"column":8},"end":{"line":18,"column":34}},"12":{"start":{"line":20,"column":8},"end":{"line":20,"column":22}},"13":{"start":{"line":23,"column":0},"end":{"line":31,"column":3}},"14":{"start":{"line":45,"column":0},"end":{"line":45,"column":34}},"15":{"start":{"line":47,"column":0},"end":{"line":47,"column":27}}},"fnMap":{"0":{"name":"findTitle","decl":{"start":{"line":1,"column":9},"end":{"line":1,"column":18}},"loc":{"start":{"line":1,"column":29},"end":{"line":21,"column":1}},"line":1}},"branchMap":{"0":{"loc":{"start":{"line":2,"column":4},"end":{"line":3,"column":21}},"type":"if","locations":[{"start":{"line":2,"column":4},"end":{"line":3,"column":21}},{"start":{},"end":{}}],"line":2},"1":{"loc":{"start":{"line":7,"column":12},"end":{"line":14,"column":13}},"type":"if","locations":[{"start":{"line":7,"column":12},"end":{"line":14,"column":13}},{"start":{},"end":{}}],"line":7},"2":{"loc":{"start":{"line":8,"column":16},"end":{"line":12,"column":17}},"type":"if","locations":[{"start":{"line":8,"column":16},"end":{"line":12,"column":17}},{"start":{},"end":{}}],"line":8},"3":{"loc":{"start":{"line":17,"column":7},"end":{"line":19,"column":5}},"type":"if","locations":[{"start":{"line":17,"column":7},"end":{"line":19,"column":5}},{"start":{},"end":{}}],"line":17}},"s":{"0":4,"1":1,"2":3,"3":3,"4":3,"5":12,"6":12,"7":9,"8":2,"9":2,"10":3,"11":2,"12":1,"13":1,"14":1,"15":1},"f":{"0":4},"b":{"0":[1,3],"1":[9,3],"2":[2,7],"3":[2,1]},"_coverageSchema":"1a1c01bbd47fc00a2c39e90264f33305004495a9","hash":"3b1743c5e477cf0739a0f20cd8b0ba1b2b7a7e4c"}
}
